{"/Users/mr/Documents/Projects/gostack-project/go-barber-mobile/src/components/Button/index.tsx": {"path":"/Users/mr/Documents/Projects/gostack-project/go-barber-mobile/src/components/Button/index.tsx","statementMap":{"0":{"start":{"line":10,"column":38},"end":{"line":14,"column":1}},"1":{"start":{"line":11,"column":2},"end":{"line":13,"column":14}}},"fnMap":{"0":{"name":"(anonymous_0)","decl":{"start":{"line":10,"column":38},"end":{"line":10,"column":39}},"loc":{"start":{"line":11,"column":2},"end":{"line":13,"column":14}},"line":11}},"branchMap":{},"s":{"0":1,"1":1},"f":{"0":1},"b":{},"_coverageSchema":"43e27e138ebf9cfc5966b082cf9a028302ed4184","hash":"2abda22e7589410a3acfea370f4924559bc9ea80"}
,"/Users/mr/Documents/Projects/gostack-project/go-barber-mobile/src/components/Input/index.tsx": {"path":"/Users/mr/Documents/Projects/gostack-project/go-barber-mobile/src/components/Input/index.tsx","statementMap":{"0":{"start":{"line":20,"column":66},"end":{"line":76,"column":1}},"1":{"start":{"line":21,"column":26},"end":{"line":21,"column":43}},"2":{"start":{"line":22,"column":65},"end":{"line":22,"column":79}},"3":{"start":{"line":23,"column":24},"end":{"line":23,"column":76}},"4":{"start":{"line":25,"column":36},"end":{"line":25,"column":51}},"5":{"start":{"line":26,"column":34},"end":{"line":26,"column":49}},"6":{"start":{"line":28,"column":27},"end":{"line":30,"column":8}},"7":{"start":{"line":29,"column":4},"end":{"line":29,"column":23}},"8":{"start":{"line":32,"column":26},"end":{"line":35,"column":8}},"9":{"start":{"line":33,"column":4},"end":{"line":33,"column":24}},"10":{"start":{"line":34,"column":4},"end":{"line":34,"column":47}},"11":{"start":{"line":37,"column":2},"end":{"line":41,"column":5}},"12":{"start":{"line":37,"column":34},"end":{"line":41,"column":3}},"13":{"start":{"line":39,"column":6},"end":{"line":39,"column":38}},"14":{"start":{"line":43,"column":2},"end":{"line":57,"column":33}},"15":{"start":{"line":44,"column":4},"end":{"line":56,"column":7}},"16":{"start":{"line":49,"column":8},"end":{"line":49,"column":44}},"17":{"start":{"line":50,"column":8},"end":{"line":50,"column":63}},"18":{"start":{"line":53,"column":8},"end":{"line":53,"column":41}},"19":{"start":{"line":54,"column":8},"end":{"line":54,"column":40}},"20":{"start":{"line":59,"column":2},"end":{"line":75,"column":3}},"21":{"start":{"line":68,"column":10},"end":{"line":68,"column":46}}},"fnMap":{"0":{"name":"(anonymous_0)","decl":{"start":{"line":20,"column":66},"end":{"line":20,"column":67}},"loc":{"start":{"line":20,"column":121},"end":{"line":76,"column":1}},"line":20},"1":{"name":"(anonymous_1)","decl":{"start":{"line":28,"column":39},"end":{"line":28,"column":40}},"loc":{"start":{"line":28,"column":45},"end":{"line":30,"column":3}},"line":28},"2":{"name":"(anonymous_2)","decl":{"start":{"line":32,"column":38},"end":{"line":32,"column":39}},"loc":{"start":{"line":32,"column":44},"end":{"line":35,"column":3}},"line":32},"3":{"name":"(anonymous_3)","decl":{"start":{"line":37,"column":27},"end":{"line":37,"column":28}},"loc":{"start":{"line":37,"column":34},"end":{"line":41,"column":3}},"line":37},"4":{"name":"(anonymous_4)","decl":{"start":{"line":38,"column":4},"end":{"line":38,"column":5}},"loc":{"start":{"line":38,"column":12},"end":{"line":40,"column":5}},"line":38},"5":{"name":"(anonymous_5)","decl":{"start":{"line":43,"column":12},"end":{"line":43,"column":13}},"loc":{"start":{"line":43,"column":18},"end":{"line":57,"column":3}},"line":43},"6":{"name":"(anonymous_6)","decl":{"start":{"line":48,"column":6},"end":{"line":48,"column":7}},"loc":{"start":{"line":48,"column":32},"end":{"line":51,"column":7}},"line":48},"7":{"name":"(anonymous_7)","decl":{"start":{"line":52,"column":6},"end":{"line":52,"column":7}},"loc":{"start":{"line":52,"column":19},"end":{"line":55,"column":7}},"line":52},"8":{"name":"(anonymous_8)","decl":{"start":{"line":67,"column":22},"end":{"line":67,"column":23}},"loc":{"start":{"line":67,"column":33},"end":{"line":69,"column":9}},"line":67}},"branchMap":{"0":{"loc":{"start":{"line":20,"column":81},"end":{"line":20,"column":100}},"type":"default-arg","locations":[{"start":{"line":20,"column":98},"end":{"line":20,"column":100}}],"line":20},"1":{"loc":{"start":{"line":22,"column":25},"end":{"line":22,"column":42}},"type":"default-arg","locations":[{"start":{"line":22,"column":40},"end":{"line":22,"column":42}}],"line":22},"2":{"loc":{"start":{"line":61,"column":41},"end":{"line":61,"column":86}},"type":"cond-expr","locations":[{"start":{"line":61,"column":65},"end":{"line":61,"column":74}},{"start":{"line":61,"column":77},"end":{"line":61,"column":86}}],"line":61},"3":{"loc":{"start":{"line":61,"column":41},"end":{"line":61,"column":62}},"type":"binary-expr","locations":[{"start":{"line":61,"column":41},"end":{"line":61,"column":50}},{"start":{"line":61,"column":54},"end":{"line":61,"column":62}}],"line":61}},"s":{"0":1,"1":2,"2":2,"3":2,"4":2,"5":2,"6":2,"7":0,"8":2,"9":0,"10":0,"11":2,"12":1,"13":0,"14":2,"15":2,"16":0,"17":0,"18":0,"19":0,"20":2,"21":0},"f":{"0":2,"1":0,"2":0,"3":1,"4":0,"5":2,"6":0,"7":0,"8":0},"b":{"0":[2],"1":[2],"2":[0,2],"3":[2,2]},"_coverageSchema":"43e27e138ebf9cfc5966b082cf9a028302ed4184","hash":"fa42a680962892e7868ab80272d58752043bc21e"}
,"/Users/mr/Documents/Projects/gostack-project/go-barber-mobile/src/hooks/auth.tsx": {"path":"/Users/mr/Documents/Projects/gostack-project/go-barber-mobile/src/hooks/auth.tsx","statementMap":{"0":{"start":{"line":29,"column":20},"end":{"line":29,"column":73}},"1":{"start":{"line":31,"column":31},"end":{"line":96,"column":1}},"2":{"start":{"line":32,"column":26},"end":{"line":32,"column":62}},"3":{"start":{"line":33,"column":32},"end":{"line":33,"column":46}},"4":{"start":{"line":35,"column":2},"end":{"line":52,"column":9}},"5":{"start":{"line":38,"column":28},"end":{"line":41,"column":8}},"6":{"start":{"line":43,"column":6},"end":{"line":47,"column":7}},"7":{"start":{"line":44,"column":8},"end":{"line":44,"column":66}},"8":{"start":{"line":46,"column":8},"end":{"line":46,"column":64}},"9":{"start":{"line":48,"column":6},"end":{"line":48,"column":24}},"10":{"start":{"line":51,"column":4},"end":{"line":51,"column":22}},"11":{"start":{"line":54,"column":17},"end":{"line":69,"column":8}},"12":{"start":{"line":55,"column":21},"end":{"line":58,"column":6}},"13":{"start":{"line":59,"column":28},"end":{"line":59,"column":41}},"14":{"start":{"line":61,"column":4},"end":{"line":64,"column":7}},"15":{"start":{"line":66,"column":4},"end":{"line":66,"column":59}},"16":{"start":{"line":68,"column":4},"end":{"line":68,"column":29}},"17":{"start":{"line":71,"column":18},"end":{"line":77,"column":8}},"18":{"start":{"line":72,"column":4},"end":{"line":75,"column":7}},"19":{"start":{"line":76,"column":4},"end":{"line":76,"column":29}},"20":{"start":{"line":79,"column":22},"end":{"line":89,"column":3}},"21":{"start":{"line":81,"column":6},"end":{"line":81,"column":73}},"22":{"start":{"line":83,"column":6},"end":{"line":86,"column":9}},"23":{"start":{"line":91,"column":2},"end":{"line":95,"column":4}},"24":{"start":{"line":99,"column":18},"end":{"line":99,"column":41}},"25":{"start":{"line":100,"column":2},"end":{"line":102,"column":3}},"26":{"start":{"line":101,"column":4},"end":{"line":101,"column":67}},"27":{"start":{"line":103,"column":2},"end":{"line":103,"column":17}}},"fnMap":{"0":{"name":"(anonymous_0)","decl":{"start":{"line":31,"column":31},"end":{"line":31,"column":32}},"loc":{"start":{"line":31,"column":49},"end":{"line":96,"column":1}},"line":31},"1":{"name":"(anonymous_1)","decl":{"start":{"line":35,"column":12},"end":{"line":35,"column":13}},"loc":{"start":{"line":35,"column":18},"end":{"line":52,"column":3}},"line":35},"2":{"name":"loadStorageData","decl":{"start":{"line":36,"column":19},"end":{"line":36,"column":34}},"loc":{"start":{"line":36,"column":52},"end":{"line":49,"column":5}},"line":36},"3":{"name":"(anonymous_3)","decl":{"start":{"line":54,"column":29},"end":{"line":54,"column":30}},"loc":{"start":{"line":54,"column":60},"end":{"line":69,"column":3}},"line":54},"4":{"name":"(anonymous_4)","decl":{"start":{"line":71,"column":30},"end":{"line":71,"column":31}},"loc":{"start":{"line":71,"column":42},"end":{"line":77,"column":3}},"line":71},"5":{"name":"(anonymous_5)","decl":{"start":{"line":80,"column":4},"end":{"line":80,"column":5}},"loc":{"start":{"line":80,"column":26},"end":{"line":87,"column":5}},"line":80},"6":{"name":"useAuth","decl":{"start":{"line":98,"column":9},"end":{"line":98,"column":16}},"loc":{"start":{"line":98,"column":36},"end":{"line":104,"column":1}},"line":98}},"branchMap":{"0":{"loc":{"start":{"line":43,"column":6},"end":{"line":47,"column":7}},"type":"if","locations":[{"start":{"line":43,"column":6},"end":{"line":47,"column":7}},{"start":{"line":43,"column":6},"end":{"line":47,"column":7}}],"line":43},"1":{"loc":{"start":{"line":43,"column":10},"end":{"line":43,"column":29}},"type":"binary-expr","locations":[{"start":{"line":43,"column":10},"end":{"line":43,"column":18}},{"start":{"line":43,"column":22},"end":{"line":43,"column":29}}],"line":43},"2":{"loc":{"start":{"line":100,"column":2},"end":{"line":102,"column":3}},"type":"if","locations":[{"start":{"line":100,"column":2},"end":{"line":102,"column":3}},{"start":{"line":100,"column":2},"end":{"line":102,"column":3}}],"line":100}},"s":{"0":1,"1":1,"2":0,"3":0,"4":0,"5":0,"6":0,"7":0,"8":0,"9":0,"10":0,"11":0,"12":0,"13":0,"14":0,"15":0,"16":0,"17":0,"18":0,"19":0,"20":0,"21":0,"22":0,"23":0,"24":1,"25":1,"26":0,"27":1},"f":{"0":0,"1":0,"2":0,"3":0,"4":0,"5":0,"6":1},"b":{"0":[0,0],"1":[0,0],"2":[0,1]},"_coverageSchema":"43e27e138ebf9cfc5966b082cf9a028302ed4184","hash":"c6273ccfd4ed85ae08bfe6e3e65e35f5bad96210"}
,"/Users/mr/Documents/Projects/gostack-project/go-barber-mobile/src/pages/AppointmentCreated/index.tsx": {"path":"/Users/mr/Documents/Projects/gostack-project/go-barber-mobile/src/pages/AppointmentCreated/index.tsx","statementMap":{"0":{"start":{"line":18,"column":37},"end":{"line":49,"column":1}},"1":{"start":{"line":19,"column":20},"end":{"line":19,"column":35}},"2":{"start":{"line":20,"column":21},"end":{"line":20,"column":31}},"3":{"start":{"line":22,"column":22},"end":{"line":22,"column":43}},"4":{"start":{"line":24,"column":26},"end":{"line":31,"column":13}},"5":{"start":{"line":25,"column":4},"end":{"line":30,"column":6}},"6":{"start":{"line":33,"column":24},"end":{"line":35,"column":8}},"7":{"start":{"line":34,"column":4},"end":{"line":34,"column":76}},"8":{"start":{"line":37,"column":2},"end":{"line":48,"column":3}}},"fnMap":{"0":{"name":"(anonymous_0)","decl":{"start":{"line":18,"column":37},"end":{"line":18,"column":38}},"loc":{"start":{"line":18,"column":43},"end":{"line":49,"column":1}},"line":18},"1":{"name":"(anonymous_1)","decl":{"start":{"line":24,"column":38},"end":{"line":24,"column":39}},"loc":{"start":{"line":24,"column":44},"end":{"line":31,"column":3}},"line":24},"2":{"name":"(anonymous_2)","decl":{"start":{"line":33,"column":32},"end":{"line":33,"column":33}},"loc":{"start":{"line":33,"column":38},"end":{"line":35,"column":3}},"line":33}},"branchMap":{},"s":{"0":0,"1":0,"2":0,"3":0,"4":0,"5":0,"6":0,"7":0,"8":0},"f":{"0":0,"1":0,"2":0},"b":{},"hash":"73fe03fe71ed721d9c557fca91c90fe35d4dc80b"}
,"/Users/mr/Documents/Projects/gostack-project/go-barber-mobile/src/pages/CreateAppointment/index.tsx": {"path":"/Users/mr/Documents/Projects/gostack-project/go-barber-mobile/src/pages/CreateAppointment/index.tsx","statementMap":{"0":{"start":{"line":50,"column":36},"end":{"line":234,"column":1}},"1":{"start":{"line":51,"column":19},"end":{"line":51,"column":28}},"2":{"start":{"line":52,"column":16},"end":{"line":52,"column":26}},"3":{"start":{"line":53,"column":31},"end":{"line":53,"column":46}},"4":{"start":{"line":54,"column":22},"end":{"line":54,"column":49}},"5":{"start":{"line":55,"column":50},"end":{"line":55,"column":82}},"6":{"start":{"line":57,"column":46},"end":{"line":57,"column":61}},"7":{"start":{"line":58,"column":36},"end":{"line":58,"column":60}},"8":{"start":{"line":59,"column":42},"end":{"line":59,"column":62}},"9":{"start":{"line":60,"column":42},"end":{"line":60,"column":53}},"10":{"start":{"line":61,"column":42},"end":{"line":61,"column":74}},"11":{"start":{"line":63,"column":2},"end":{"line":67,"column":8}},"12":{"start":{"line":64,"column":4},"end":{"line":66,"column":7}},"13":{"start":{"line":65,"column":6},"end":{"line":65,"column":34}},"14":{"start":{"line":69,"column":2},"end":{"line":79,"column":39}},"15":{"start":{"line":70,"column":4},"end":{"line":78,"column":7}},"16":{"start":{"line":77,"column":6},"end":{"line":77,"column":37}},"17":{"start":{"line":81,"column":23},"end":{"line":81,"column":64}},"18":{"start":{"line":81,"column":43},"end":{"line":81,"column":51}},"19":{"start":{"line":83,"column":31},"end":{"line":85,"column":8}},"20":{"start":{"line":84,"column":4},"end":{"line":84,"column":36}},"21":{"start":{"line":87,"column":33},"end":{"line":89,"column":8}},"22":{"start":{"line":88,"column":4},"end":{"line":88,"column":39}},"23":{"start":{"line":88,"column":31},"end":{"line":88,"column":37}},"24":{"start":{"line":91,"column":28},"end":{"line":99,"column":8}},"25":{"start":{"line":92,"column":4},"end":{"line":94,"column":5}},"26":{"start":{"line":93,"column":6},"end":{"line":93,"column":31}},"27":{"start":{"line":96,"column":4},"end":{"line":98,"column":5}},"28":{"start":{"line":97,"column":6},"end":{"line":97,"column":28}},"29":{"start":{"line":101,"column":27},"end":{"line":104,"column":9}},"30":{"start":{"line":102,"column":4},"end":{"line":102,"column":26}},"31":{"start":{"line":106,"column":34},"end":{"line":125,"column":62}},"32":{"start":{"line":107,"column":4},"end":{"line":124,"column":5}},"33":{"start":{"line":108,"column":19},"end":{"line":108,"column":41}},"34":{"start":{"line":110,"column":6},"end":{"line":110,"column":34}},"35":{"start":{"line":111,"column":6},"end":{"line":111,"column":25}},"36":{"start":{"line":113,"column":6},"end":{"line":116,"column":9}},"37":{"start":{"line":118,"column":6},"end":{"line":118,"column":63}},"38":{"start":{"line":120,"column":6},"end":{"line":123,"column":7}},"39":{"start":{"line":127,"column":30},"end":{"line":137,"column":20}},"40":{"start":{"line":128,"column":4},"end":{"line":136,"column":9}},"41":{"start":{"line":129,"column":28},"end":{"line":129,"column":37}},"42":{"start":{"line":131,"column":8},"end":{"line":135,"column":9}},"43":{"start":{"line":140,"column":32},"end":{"line":150,"column":20}},"44":{"start":{"line":141,"column":4},"end":{"line":149,"column":9}},"45":{"start":{"line":142,"column":28},"end":{"line":142,"column":38}},"46":{"start":{"line":144,"column":8},"end":{"line":148,"column":9}},"47":{"start":{"line":152,"column":2},"end":{"line":233,"column":4}},"48":{"start":{"line":170,"column":38},"end":{"line":170,"column":49}},"49":{"start":{"line":172,"column":14},"end":{"line":178,"column":34}},"50":{"start":{"line":174,"column":33},"end":{"line":174,"column":66}},"51":{"start":{"line":206,"column":16},"end":{"line":208,"column":23}},"52":{"start":{"line":206,"column":133},"end":{"line":206,"column":155}},"53":{"start":{"line":219,"column":16},"end":{"line":221,"column":23}},"54":{"start":{"line":219,"column":133},"end":{"line":219,"column":155}},"55":{"start":{"line":228,"column":49},"end":{"line":228,"column":74}}},"fnMap":{"0":{"name":"(anonymous_0)","decl":{"start":{"line":50,"column":36},"end":{"line":50,"column":37}},"loc":{"start":{"line":50,"column":42},"end":{"line":234,"column":1}},"line":50},"1":{"name":"(anonymous_1)","decl":{"start":{"line":63,"column":12},"end":{"line":63,"column":13}},"loc":{"start":{"line":63,"column":18},"end":{"line":67,"column":3}},"line":63},"2":{"name":"(anonymous_2)","decl":{"start":{"line":64,"column":30},"end":{"line":64,"column":31}},"loc":{"start":{"line":64,"column":42},"end":{"line":66,"column":5}},"line":64},"3":{"name":"(anonymous_3)","decl":{"start":{"line":69,"column":12},"end":{"line":69,"column":13}},"loc":{"start":{"line":69,"column":18},"end":{"line":79,"column":3}},"line":69},"4":{"name":"(anonymous_4)","decl":{"start":{"line":76,"column":12},"end":{"line":76,"column":13}},"loc":{"start":{"line":76,"column":26},"end":{"line":78,"column":5}},"line":76},"5":{"name":"(anonymous_5)","decl":{"start":{"line":81,"column":35},"end":{"line":81,"column":36}},"loc":{"start":{"line":81,"column":41},"end":{"line":81,"column":53}},"line":81},"6":{"name":"(anonymous_6)","decl":{"start":{"line":83,"column":43},"end":{"line":83,"column":44}},"loc":{"start":{"line":83,"column":67},"end":{"line":85,"column":3}},"line":83},"7":{"name":"(anonymous_7)","decl":{"start":{"line":87,"column":45},"end":{"line":87,"column":46}},"loc":{"start":{"line":87,"column":51},"end":{"line":89,"column":3}},"line":87},"8":{"name":"(anonymous_8)","decl":{"start":{"line":88,"column":22},"end":{"line":88,"column":23}},"loc":{"start":{"line":88,"column":31},"end":{"line":88,"column":37}},"line":88},"9":{"name":"(anonymous_9)","decl":{"start":{"line":91,"column":40},"end":{"line":91,"column":41}},"loc":{"start":{"line":91,"column":80},"end":{"line":99,"column":3}},"line":91},"10":{"name":"(anonymous_10)","decl":{"start":{"line":101,"column":39},"end":{"line":101,"column":40}},"loc":{"start":{"line":101,"column":57},"end":{"line":103,"column":3}},"line":101},"11":{"name":"(anonymous_11)","decl":{"start":{"line":106,"column":46},"end":{"line":106,"column":47}},"loc":{"start":{"line":106,"column":58},"end":{"line":125,"column":3}},"line":106},"12":{"name":"(anonymous_12)","decl":{"start":{"line":127,"column":38},"end":{"line":127,"column":39}},"loc":{"start":{"line":127,"column":44},"end":{"line":137,"column":3}},"line":127},"13":{"name":"(anonymous_13)","decl":{"start":{"line":129,"column":14},"end":{"line":129,"column":15}},"loc":{"start":{"line":129,"column":28},"end":{"line":129,"column":37}},"line":129},"14":{"name":"(anonymous_14)","decl":{"start":{"line":130,"column":11},"end":{"line":130,"column":12}},"loc":{"start":{"line":130,"column":36},"end":{"line":136,"column":7}},"line":130},"15":{"name":"(anonymous_15)","decl":{"start":{"line":140,"column":40},"end":{"line":140,"column":41}},"loc":{"start":{"line":140,"column":46},"end":{"line":150,"column":3}},"line":140},"16":{"name":"(anonymous_16)","decl":{"start":{"line":142,"column":14},"end":{"line":142,"column":15}},"loc":{"start":{"line":142,"column":28},"end":{"line":142,"column":38}},"line":142},"17":{"name":"(anonymous_17)","decl":{"start":{"line":143,"column":11},"end":{"line":143,"column":12}},"loc":{"start":{"line":143,"column":36},"end":{"line":149,"column":7}},"line":143},"18":{"name":"(anonymous_18)","decl":{"start":{"line":170,"column":26},"end":{"line":170,"column":27}},"loc":{"start":{"line":170,"column":38},"end":{"line":170,"column":49}},"line":170},"19":{"name":"(anonymous_19)","decl":{"start":{"line":171,"column":24},"end":{"line":171,"column":25}},"loc":{"start":{"line":172,"column":14},"end":{"line":178,"column":34}},"line":172},"20":{"name":"(anonymous_20)","decl":{"start":{"line":174,"column":25},"end":{"line":174,"column":26}},"loc":{"start":{"line":174,"column":31},"end":{"line":174,"column":68}},"line":174},"21":{"name":"(anonymous_21)","decl":{"start":{"line":205,"column":39},"end":{"line":205,"column":40}},"loc":{"start":{"line":206,"column":16},"end":{"line":208,"column":23}},"line":206},"22":{"name":"(anonymous_22)","decl":{"start":{"line":206,"column":127},"end":{"line":206,"column":128}},"loc":{"start":{"line":206,"column":133},"end":{"line":206,"column":155}},"line":206},"23":{"name":"(anonymous_23)","decl":{"start":{"line":218,"column":41},"end":{"line":218,"column":42}},"loc":{"start":{"line":219,"column":16},"end":{"line":221,"column":23}},"line":219},"24":{"name":"(anonymous_24)","decl":{"start":{"line":219,"column":127},"end":{"line":219,"column":128}},"loc":{"start":{"line":219,"column":133},"end":{"line":219,"column":155}},"line":219},"25":{"name":"(anonymous_25)","decl":{"start":{"line":228,"column":43},"end":{"line":228,"column":44}},"loc":{"start":{"line":228,"column":49},"end":{"line":228,"column":74}},"line":228}},"branchMap":{"0":{"loc":{"start":{"line":92,"column":4},"end":{"line":94,"column":5}},"type":"if","locations":[{"start":{"line":92,"column":4},"end":{"line":94,"column":5}},{"start":{"line":92,"column":4},"end":{"line":94,"column":5}}],"line":92},"1":{"loc":{"start":{"line":96,"column":4},"end":{"line":98,"column":5}},"type":"if","locations":[{"start":{"line":96,"column":4},"end":{"line":98,"column":5}},{"start":{"line":96,"column":4},"end":{"line":98,"column":5}}],"line":96},"2":{"loc":{"start":{"line":189,"column":11},"end":{"line":196,"column":11}},"type":"binary-expr","locations":[{"start":{"line":189,"column":11},"end":{"line":189,"column":25}},{"start":{"line":190,"column":12},"end":{"line":195,"column":37}}],"line":189}},"s":{"0":0,"1":0,"2":0,"3":0,"4":0,"5":0,"6":0,"7":0,"8":0,"9":0,"10":0,"11":0,"12":0,"13":0,"14":0,"15":0,"16":0,"17":0,"18":0,"19":0,"20":0,"21":0,"22":0,"23":0,"24":0,"25":0,"26":0,"27":0,"28":0,"29":0,"30":0,"31":0,"32":0,"33":0,"34":0,"35":0,"36":0,"37":0,"38":0,"39":0,"40":0,"41":0,"42":0,"43":0,"44":0,"45":0,"46":0,"47":0,"48":0,"49":0,"50":0,"51":0,"52":0,"53":0,"54":0,"55":0},"f":{"0":0,"1":0,"2":0,"3":0,"4":0,"5":0,"6":0,"7":0,"8":0,"9":0,"10":0,"11":0,"12":0,"13":0,"14":0,"15":0,"16":0,"17":0,"18":0,"19":0,"20":0,"21":0,"22":0,"23":0,"24":0,"25":0},"b":{"0":[0,0],"1":[0,0],"2":[0,0]},"hash":"5c8ab5ca421e47b5d87f00094a6b6892c2a9d76a"}
,"/Users/mr/Documents/Projects/gostack-project/go-barber-mobile/src/pages/Dashboard/index.tsx": {"path":"/Users/mr/Documents/Projects/gostack-project/go-barber-mobile/src/pages/Dashboard/index.tsx","statementMap":{"0":{"start":{"line":30,"column":28},"end":{"line":89,"column":1}},"1":{"start":{"line":31,"column":36},"end":{"line":31,"column":60}},"2":{"start":{"line":32,"column":19},"end":{"line":32,"column":28}},"3":{"start":{"line":33,"column":23},"end":{"line":33,"column":38}},"4":{"start":{"line":35,"column":2},"end":{"line":39,"column":8}},"5":{"start":{"line":36,"column":4},"end":{"line":38,"column":7}},"6":{"start":{"line":37,"column":6},"end":{"line":37,"column":34}},"7":{"start":{"line":42,"column":28},"end":{"line":44,"column":16}},"8":{"start":{"line":43,"column":4},"end":{"line":43,"column":24}},"9":{"start":{"line":46,"column":38},"end":{"line":48,"column":16}},"10":{"start":{"line":47,"column":4},"end":{"line":47,"column":50}},"11":{"start":{"line":50,"column":2},"end":{"line":88,"column":4}},"12":{"start":{"line":65,"column":34},"end":{"line":65,"column":45}},"13":{"start":{"line":70,"column":10},"end":{"line":84,"column":30}},"14":{"start":{"line":70,"column":44},"end":{"line":70,"column":84}}},"fnMap":{"0":{"name":"(anonymous_0)","decl":{"start":{"line":30,"column":28},"end":{"line":30,"column":29}},"loc":{"start":{"line":30,"column":34},"end":{"line":89,"column":1}},"line":30},"1":{"name":"(anonymous_1)","decl":{"start":{"line":35,"column":12},"end":{"line":35,"column":13}},"loc":{"start":{"line":35,"column":18},"end":{"line":39,"column":3}},"line":35},"2":{"name":"(anonymous_2)","decl":{"start":{"line":36,"column":30},"end":{"line":36,"column":31}},"loc":{"start":{"line":36,"column":42},"end":{"line":38,"column":5}},"line":36},"3":{"name":"(anonymous_3)","decl":{"start":{"line":42,"column":40},"end":{"line":42,"column":41}},"loc":{"start":{"line":42,"column":46},"end":{"line":44,"column":3}},"line":42},"4":{"name":"(anonymous_4)","decl":{"start":{"line":46,"column":50},"end":{"line":46,"column":51}},"loc":{"start":{"line":46,"column":74},"end":{"line":48,"column":3}},"line":46},"5":{"name":"(anonymous_5)","decl":{"start":{"line":65,"column":22},"end":{"line":65,"column":23}},"loc":{"start":{"line":65,"column":34},"end":{"line":65,"column":45}},"line":65},"6":{"name":"(anonymous_6)","decl":{"start":{"line":69,"column":20},"end":{"line":69,"column":21}},"loc":{"start":{"line":70,"column":10},"end":{"line":84,"column":30}},"line":70},"7":{"name":"(anonymous_7)","decl":{"start":{"line":70,"column":38},"end":{"line":70,"column":39}},"loc":{"start":{"line":70,"column":44},"end":{"line":70,"column":84}},"line":70}},"branchMap":{},"s":{"0":0,"1":0,"2":0,"3":0,"4":0,"5":0,"6":0,"7":0,"8":0,"9":0,"10":0,"11":0,"12":0,"13":0,"14":0},"f":{"0":0,"1":0,"2":0,"3":0,"4":0,"5":0,"6":0,"7":0},"b":{},"hash":"20a988c5f3c2d2aff2c675df578deb6282d39f78"}
,"/Users/mr/Documents/Projects/gostack-project/go-barber-mobile/src/pages/Profile/index.tsx": {"path":"/Users/mr/Documents/Projects/gostack-project/go-barber-mobile/src/pages/Profile/index.tsx","statementMap":{"0":{"start":{"line":36,"column":26},"end":{"line":241,"column":1}},"1":{"start":{"line":37,"column":32},"end":{"line":37,"column":41}},"2":{"start":{"line":38,"column":21},"end":{"line":38,"column":36}},"3":{"start":{"line":39,"column":18},"end":{"line":39,"column":43}},"4":{"start":{"line":40,"column":24},"end":{"line":40,"column":47}},"5":{"start":{"line":41,"column":30},"end":{"line":41,"column":53}},"6":{"start":{"line":42,"column":27},"end":{"line":42,"column":50}},"7":{"start":{"line":43,"column":39},"end":{"line":43,"column":62}},"8":{"start":{"line":46,"column":30},"end":{"line":113,"column":31}},"9":{"start":{"line":47,"column":4},"end":{"line":112,"column":5}},"10":{"start":{"line":48,"column":6},"end":{"line":48,"column":37}},"11":{"start":{"line":49,"column":21},"end":{"line":71,"column":8}},"12":{"start":{"line":56,"column":21},"end":{"line":56,"column":33}},"13":{"start":{"line":64,"column":23},"end":{"line":64,"column":35}},"14":{"start":{"line":73,"column":6},"end":{"line":75,"column":9}},"15":{"start":{"line":83,"column":10},"end":{"line":83,"column":14}},"16":{"start":{"line":85,"column":23},"end":{"line":95,"column":7}},"17":{"start":{"line":97,"column":23},"end":{"line":97,"column":58}},"18":{"start":{"line":99,"column":6},"end":{"line":99,"column":33}},"19":{"start":{"line":101,"column":6},"end":{"line":101,"column":85}},"20":{"start":{"line":103,"column":6},"end":{"line":103,"column":26}},"21":{"start":{"line":105,"column":6},"end":{"line":110,"column":7}},"22":{"start":{"line":106,"column":23},"end":{"line":106,"column":47}},"23":{"start":{"line":107,"column":8},"end":{"line":107,"column":43}},"24":{"start":{"line":109,"column":8},"end":{"line":109,"column":15}},"25":{"start":{"line":111,"column":6},"end":{"line":111,"column":111}},"26":{"start":{"line":115,"column":29},"end":{"line":142,"column":28}},"27":{"start":{"line":116,"column":4},"end":{"line":141,"column":7}},"28":{"start":{"line":122,"column":6},"end":{"line":124,"column":7}},"29":{"start":{"line":123,"column":8},"end":{"line":123,"column":15}},"30":{"start":{"line":126,"column":6},"end":{"line":128,"column":7}},"31":{"start":{"line":127,"column":8},"end":{"line":127,"column":67}},"32":{"start":{"line":130,"column":19},"end":{"line":130,"column":33}},"33":{"start":{"line":132,"column":6},"end":{"line":136,"column":9}},"34":{"start":{"line":138,"column":6},"end":{"line":140,"column":9}},"35":{"start":{"line":139,"column":8},"end":{"line":139,"column":41}},"36":{"start":{"line":144,"column":23},"end":{"line":146,"column":18}},"37":{"start":{"line":145,"column":4},"end":{"line":145,"column":24}},"38":{"start":{"line":148,"column":2},"end":{"line":240,"column":3}},"39":{"start":{"line":181,"column":18},"end":{"line":181,"column":48}},"40":{"start":{"line":194,"column":18},"end":{"line":194,"column":54}},"41":{"start":{"line":207,"column":18},"end":{"line":207,"column":51}},"42":{"start":{"line":220,"column":18},"end":{"line":220,"column":63}},"43":{"start":{"line":231,"column":39},"end":{"line":231,"column":68}},"44":{"start":{"line":233,"column":37},"end":{"line":233,"column":66}}},"fnMap":{"0":{"name":"(anonymous_0)","decl":{"start":{"line":36,"column":26},"end":{"line":36,"column":27}},"loc":{"start":{"line":36,"column":32},"end":{"line":241,"column":1}},"line":36},"1":{"name":"(anonymous_1)","decl":{"start":{"line":46,"column":42},"end":{"line":46,"column":43}},"loc":{"start":{"line":46,"column":75},"end":{"line":113,"column":3}},"line":46},"2":{"name":"(anonymous_2)","decl":{"start":{"line":56,"column":14},"end":{"line":56,"column":15}},"loc":{"start":{"line":56,"column":21},"end":{"line":56,"column":33}},"line":56},"3":{"name":"(anonymous_3)","decl":{"start":{"line":64,"column":16},"end":{"line":64,"column":17}},"loc":{"start":{"line":64,"column":23},"end":{"line":64,"column":35}},"line":64},"4":{"name":"(anonymous_4)","decl":{"start":{"line":115,"column":41},"end":{"line":115,"column":42}},"loc":{"start":{"line":115,"column":47},"end":{"line":142,"column":3}},"line":115},"5":{"name":"(anonymous_5)","decl":{"start":{"line":121,"column":7},"end":{"line":121,"column":8}},"loc":{"start":{"line":121,"column":19},"end":{"line":141,"column":5}},"line":121},"6":{"name":"(anonymous_6)","decl":{"start":{"line":138,"column":44},"end":{"line":138,"column":45}},"loc":{"start":{"line":138,"column":64},"end":{"line":140,"column":7}},"line":138},"7":{"name":"(anonymous_7)","decl":{"start":{"line":144,"column":35},"end":{"line":144,"column":36}},"loc":{"start":{"line":144,"column":41},"end":{"line":146,"column":3}},"line":144},"8":{"name":"(anonymous_8)","decl":{"start":{"line":180,"column":33},"end":{"line":180,"column":34}},"loc":{"start":{"line":180,"column":39},"end":{"line":182,"column":17}},"line":180},"9":{"name":"(anonymous_9)","decl":{"start":{"line":193,"column":33},"end":{"line":193,"column":34}},"loc":{"start":{"line":193,"column":39},"end":{"line":195,"column":17}},"line":193},"10":{"name":"(anonymous_10)","decl":{"start":{"line":206,"column":33},"end":{"line":206,"column":34}},"loc":{"start":{"line":206,"column":39},"end":{"line":208,"column":17}},"line":206},"11":{"name":"(anonymous_11)","decl":{"start":{"line":219,"column":33},"end":{"line":219,"column":34}},"loc":{"start":{"line":219,"column":39},"end":{"line":221,"column":17}},"line":219},"12":{"name":"(anonymous_12)","decl":{"start":{"line":231,"column":33},"end":{"line":231,"column":34}},"loc":{"start":{"line":231,"column":39},"end":{"line":231,"column":68}},"line":231},"13":{"name":"(anonymous_13)","decl":{"start":{"line":233,"column":31},"end":{"line":233,"column":32}},"loc":{"start":{"line":233,"column":37},"end":{"line":233,"column":66}},"line":233}},"branchMap":{"0":{"loc":{"start":{"line":88,"column":12},"end":{"line":94,"column":14}},"type":"cond-expr","locations":[{"start":{"line":89,"column":12},"end":{"line":93,"column":11}},{"start":{"line":94,"column":12},"end":{"line":94,"column":14}}],"line":88},"1":{"loc":{"start":{"line":105,"column":6},"end":{"line":110,"column":7}},"type":"if","locations":[{"start":{"line":105,"column":6},"end":{"line":110,"column":7}},{"start":{"line":105,"column":6},"end":{"line":110,"column":7}}],"line":105},"2":{"loc":{"start":{"line":122,"column":6},"end":{"line":124,"column":7}},"type":"if","locations":[{"start":{"line":122,"column":6},"end":{"line":124,"column":7}},{"start":{"line":122,"column":6},"end":{"line":124,"column":7}}],"line":122},"3":{"loc":{"start":{"line":126,"column":6},"end":{"line":128,"column":7}},"type":"if","locations":[{"start":{"line":126,"column":6},"end":{"line":128,"column":7}},{"start":{"line":126,"column":6},"end":{"line":128,"column":7}}],"line":126},"4":{"loc":{"start":{"line":152,"column":18},"end":{"line":152,"column":63}},"type":"cond-expr","locations":[{"start":{"line":152,"column":42},"end":{"line":152,"column":51}},{"start":{"line":152,"column":54},"end":{"line":152,"column":63}}],"line":152}},"s":{"0":0,"1":0,"2":0,"3":0,"4":0,"5":0,"6":0,"7":0,"8":0,"9":0,"10":0,"11":0,"12":0,"13":0,"14":0,"15":0,"16":0,"17":0,"18":0,"19":0,"20":0,"21":0,"22":0,"23":0,"24":0,"25":0,"26":0,"27":0,"28":0,"29":0,"30":0,"31":0,"32":0,"33":0,"34":0,"35":0,"36":0,"37":0,"38":0,"39":0,"40":0,"41":0,"42":0,"43":0,"44":0},"f":{"0":0,"1":0,"2":0,"3":0,"4":0,"5":0,"6":0,"7":0,"8":0,"9":0,"10":0,"11":0,"12":0,"13":0},"b":{"0":[0,0],"1":[0,0],"2":[0,0],"3":[0,0],"4":[0,0]},"hash":"c5fc63f61c100ade157eab36818069960291788d"}
,"/Users/mr/Documents/Projects/gostack-project/go-barber-mobile/src/pages/SignIn/index.tsx": {"path":"/Users/mr/Documents/Projects/gostack-project/go-barber-mobile/src/pages/SignIn/index.tsx","statementMap":{"0":{"start":{"line":25,"column":25},"end":{"line":120,"column":1}},"1":{"start":{"line":26,"column":21},"end":{"line":26,"column":36}},"2":{"start":{"line":27,"column":18},"end":{"line":27,"column":43}},"3":{"start":{"line":28,"column":27},"end":{"line":28,"column":50}},"4":{"start":{"line":30,"column":21},"end":{"line":30,"column":30}},"5":{"start":{"line":32,"column":23},"end":{"line":62,"column":14}},"6":{"start":{"line":33,"column":4},"end":{"line":61,"column":5}},"7":{"start":{"line":34,"column":6},"end":{"line":34,"column":37}},"8":{"start":{"line":35,"column":21},"end":{"line":41,"column":8}},"9":{"start":{"line":43,"column":6},"end":{"line":45,"column":9}},"10":{"start":{"line":47,"column":6},"end":{"line":50,"column":9}},"11":{"start":{"line":53,"column":6},"end":{"line":58,"column":7}},"12":{"start":{"line":54,"column":23},"end":{"line":54,"column":47}},"13":{"start":{"line":55,"column":8},"end":{"line":55,"column":43}},"14":{"start":{"line":57,"column":8},"end":{"line":57,"column":15}},"15":{"start":{"line":60,"column":6},"end":{"line":60,"column":82}},"16":{"start":{"line":63,"column":2},"end":{"line":119,"column":3}},"17":{"start":{"line":92,"column":18},"end":{"line":92,"column":51}},"18":{"start":{"line":102,"column":39},"end":{"line":102,"column":68}},"19":{"start":{"line":104,"column":37},"end":{"line":104,"column":66}},"20":{"start":{"line":107,"column":46},"end":{"line":107,"column":64}},"21":{"start":{"line":114,"column":43},"end":{"line":114,"column":72}}},"fnMap":{"0":{"name":"(anonymous_0)","decl":{"start":{"line":25,"column":25},"end":{"line":25,"column":26}},"loc":{"start":{"line":25,"column":31},"end":{"line":120,"column":1}},"line":25},"1":{"name":"(anonymous_1)","decl":{"start":{"line":32,"column":35},"end":{"line":32,"column":36}},"loc":{"start":{"line":32,"column":67},"end":{"line":62,"column":3}},"line":32},"2":{"name":"(anonymous_2)","decl":{"start":{"line":91,"column":33},"end":{"line":91,"column":34}},"loc":{"start":{"line":91,"column":39},"end":{"line":93,"column":17}},"line":91},"3":{"name":"(anonymous_3)","decl":{"start":{"line":102,"column":33},"end":{"line":102,"column":34}},"loc":{"start":{"line":102,"column":39},"end":{"line":102,"column":68}},"line":102},"4":{"name":"(anonymous_4)","decl":{"start":{"line":104,"column":31},"end":{"line":104,"column":32}},"loc":{"start":{"line":104,"column":37},"end":{"line":104,"column":66}},"line":104},"5":{"name":"(anonymous_5)","decl":{"start":{"line":107,"column":38},"end":{"line":107,"column":39}},"loc":{"start":{"line":107,"column":44},"end":{"line":107,"column":66}},"line":107},"6":{"name":"(anonymous_6)","decl":{"start":{"line":114,"column":37},"end":{"line":114,"column":38}},"loc":{"start":{"line":114,"column":43},"end":{"line":114,"column":72}},"line":114}},"branchMap":{"0":{"loc":{"start":{"line":53,"column":6},"end":{"line":58,"column":7}},"type":"if","locations":[{"start":{"line":53,"column":6},"end":{"line":58,"column":7}},{"start":{"line":53,"column":6},"end":{"line":58,"column":7}}],"line":53},"1":{"loc":{"start":{"line":67,"column":18},"end":{"line":67,"column":63}},"type":"cond-expr","locations":[{"start":{"line":67,"column":42},"end":{"line":67,"column":51}},{"start":{"line":67,"column":54},"end":{"line":67,"column":63}}],"line":67}},"s":{"0":1,"1":1,"2":1,"3":1,"4":1,"5":1,"6":0,"7":0,"8":0,"9":0,"10":0,"11":0,"12":0,"13":0,"14":0,"15":0,"16":1,"17":0,"18":0,"19":0,"20":0,"21":0},"f":{"0":1,"1":0,"2":0,"3":0,"4":0,"5":0,"6":0},"b":{"0":[0,0],"1":[1,0]},"_coverageSchema":"43e27e138ebf9cfc5966b082cf9a028302ed4184","hash":"f10b79669e1f1f01064c49ec5af30cba26bb63be"}
,"/Users/mr/Documents/Projects/gostack-project/go-barber-mobile/src/pages/SignUp/index.tsx": {"path":"/Users/mr/Documents/Projects/gostack-project/go-barber-mobile/src/pages/SignUp/index.tsx","statementMap":{"0":{"start":{"line":27,"column":25},"end":{"line":131,"column":1}},"1":{"start":{"line":28,"column":21},"end":{"line":28,"column":36}},"2":{"start":{"line":29,"column":18},"end":{"line":29,"column":43}},"3":{"start":{"line":30,"column":24},"end":{"line":30,"column":47}},"4":{"start":{"line":31,"column":27},"end":{"line":31,"column":50}},"5":{"start":{"line":34,"column":23},"end":{"line":64,"column":18}},"6":{"start":{"line":35,"column":4},"end":{"line":63,"column":5}},"7":{"start":{"line":36,"column":6},"end":{"line":36,"column":37}},"8":{"start":{"line":37,"column":21},"end":{"line":44,"column":8}},"9":{"start":{"line":46,"column":6},"end":{"line":48,"column":9}},"10":{"start":{"line":50,"column":6},"end":{"line":50,"column":37}},"11":{"start":{"line":52,"column":6},"end":{"line":52,"column":79}},"12":{"start":{"line":54,"column":6},"end":{"line":54,"column":26}},"13":{"start":{"line":56,"column":6},"end":{"line":61,"column":7}},"14":{"start":{"line":57,"column":23},"end":{"line":57,"column":47}},"15":{"start":{"line":58,"column":8},"end":{"line":58,"column":43}},"16":{"start":{"line":60,"column":8},"end":{"line":60,"column":15}},"17":{"start":{"line":62,"column":6},"end":{"line":62,"column":103}},"18":{"start":{"line":65,"column":2},"end":{"line":130,"column":3}},"19":{"start":{"line":92,"column":18},"end":{"line":92,"column":48}},"20":{"start":{"line":105,"column":18},"end":{"line":105,"column":51}},"21":{"start":{"line":116,"column":39},"end":{"line":116,"column":68}},"22":{"start":{"line":118,"column":37},"end":{"line":118,"column":66}},"23":{"start":{"line":125,"column":36},"end":{"line":125,"column":55}}},"fnMap":{"0":{"name":"(anonymous_0)","decl":{"start":{"line":27,"column":25},"end":{"line":27,"column":26}},"loc":{"start":{"line":27,"column":31},"end":{"line":131,"column":1}},"line":27},"1":{"name":"(anonymous_1)","decl":{"start":{"line":34,"column":35},"end":{"line":34,"column":36}},"loc":{"start":{"line":34,"column":67},"end":{"line":64,"column":3}},"line":34},"2":{"name":"(anonymous_2)","decl":{"start":{"line":91,"column":33},"end":{"line":91,"column":34}},"loc":{"start":{"line":91,"column":39},"end":{"line":93,"column":17}},"line":91},"3":{"name":"(anonymous_3)","decl":{"start":{"line":104,"column":33},"end":{"line":104,"column":34}},"loc":{"start":{"line":104,"column":39},"end":{"line":106,"column":17}},"line":104},"4":{"name":"(anonymous_4)","decl":{"start":{"line":116,"column":33},"end":{"line":116,"column":34}},"loc":{"start":{"line":116,"column":39},"end":{"line":116,"column":68}},"line":116},"5":{"name":"(anonymous_5)","decl":{"start":{"line":118,"column":31},"end":{"line":118,"column":32}},"loc":{"start":{"line":118,"column":37},"end":{"line":118,"column":66}},"line":118},"6":{"name":"(anonymous_6)","decl":{"start":{"line":125,"column":30},"end":{"line":125,"column":31}},"loc":{"start":{"line":125,"column":36},"end":{"line":125,"column":55}},"line":125}},"branchMap":{"0":{"loc":{"start":{"line":56,"column":6},"end":{"line":61,"column":7}},"type":"if","locations":[{"start":{"line":56,"column":6},"end":{"line":61,"column":7}},{"start":{"line":56,"column":6},"end":{"line":61,"column":7}}],"line":56},"1":{"loc":{"start":{"line":69,"column":18},"end":{"line":69,"column":63}},"type":"cond-expr","locations":[{"start":{"line":69,"column":42},"end":{"line":69,"column":51}},{"start":{"line":69,"column":54},"end":{"line":69,"column":63}}],"line":69}},"s":{"0":0,"1":0,"2":0,"3":0,"4":0,"5":0,"6":0,"7":0,"8":0,"9":0,"10":0,"11":0,"12":0,"13":0,"14":0,"15":0,"16":0,"17":0,"18":0,"19":0,"20":0,"21":0,"22":0,"23":0},"f":{"0":0,"1":0,"2":0,"3":0,"4":0,"5":0,"6":0},"b":{"0":[0,0],"1":[0,0]},"hash":"5aaf3016ef2e9bc6a9de66b9732299f676d0bfdc"}
}
