TN:
SF:/Users/mr/Documents/Projects/gostack-project/go-barber-mobile/src/components/Button/index.tsx
FN:10,(anonymous_0)
FNF:1
FNH:1
FNDA:1,(anonymous_0)
DA:10,1
DA:11,1
LF:2
LH:2
BRF:0
BRH:0
end_of_record
TN:
SF:/Users/mr/Documents/Projects/gostack-project/go-barber-mobile/src/components/Input/index.tsx
FN:20,(anonymous_0)
FN:28,(anonymous_1)
FN:32,(anonymous_2)
FN:37,(anonymous_3)
FN:38,(anonymous_4)
FN:43,(anonymous_5)
FN:48,(anonymous_6)
FN:52,(anonymous_7)
FN:67,(anonymous_8)
FNF:9
FNH:3
FNDA:2,(anonymous_0)
FNDA:0,(anonymous_1)
FNDA:0,(anonymous_2)
FNDA:1,(anonymous_3)
FNDA:0,(anonymous_4)
FNDA:2,(anonymous_5)
FNDA:0,(anonymous_6)
FNDA:0,(anonymous_7)
FNDA:0,(anonymous_8)
DA:20,1
DA:21,2
DA:22,2
DA:23,2
DA:25,2
DA:26,2
DA:28,2
DA:29,0
DA:32,2
DA:33,0
DA:34,0
DA:37,2
DA:39,0
DA:43,2
DA:44,2
DA:49,0
DA:50,0
DA:53,0
DA:54,0
DA:59,2
DA:68,0
LF:21
LH:12
BRDA:20,0,0,2
BRDA:22,1,0,2
BRDA:61,2,0,0
BRDA:61,2,1,2
BRDA:61,3,0,2
BRDA:61,3,1,2
BRF:6
BRH:5
end_of_record
TN:
SF:/Users/mr/Documents/Projects/gostack-project/go-barber-mobile/src/hooks/auth.tsx
FN:31,(anonymous_0)
FN:35,(anonymous_1)
FN:36,loadStorageData
FN:54,(anonymous_3)
FN:71,(anonymous_4)
FN:80,(anonymous_5)
FN:98,useAuth
FNF:7
FNH:1
FNDA:0,(anonymous_0)
FNDA:0,(anonymous_1)
FNDA:0,loadStorageData
FNDA:0,(anonymous_3)
FNDA:0,(anonymous_4)
FNDA:0,(anonymous_5)
FNDA:1,useAuth
DA:29,1
DA:31,1
DA:32,0
DA:33,0
DA:35,0
DA:38,0
DA:43,0
DA:44,0
DA:46,0
DA:48,0
DA:51,0
DA:54,0
DA:55,0
DA:59,0
DA:61,0
DA:66,0
DA:68,0
DA:71,0
DA:72,0
DA:76,0
DA:79,0
DA:81,0
DA:83,0
DA:91,0
DA:99,1
DA:100,1
DA:101,0
DA:103,1
LF:28
LH:5
BRDA:43,0,0,0
BRDA:43,0,1,0
BRDA:43,1,0,0
BRDA:43,1,1,0
BRDA:100,2,0,0
BRDA:100,2,1,1
BRF:6
BRH:1
end_of_record
TN:
SF:/Users/mr/Documents/Projects/gostack-project/go-barber-mobile/src/pages/AppointmentCreated/index.tsx
FN:18,(anonymous_0)
FN:24,(anonymous_1)
FN:33,(anonymous_2)
FNF:3
FNH:0
FNDA:0,(anonymous_0)
FNDA:0,(anonymous_1)
FNDA:0,(anonymous_2)
DA:18,0
DA:19,0
DA:20,0
DA:22,0
DA:24,0
DA:25,0
DA:33,0
DA:34,0
DA:37,0
LF:9
LH:0
BRF:0
BRH:0
end_of_record
TN:
SF:/Users/mr/Documents/Projects/gostack-project/go-barber-mobile/src/pages/CreateAppointment/index.tsx
FN:50,(anonymous_0)
FN:63,(anonymous_1)
FN:64,(anonymous_2)
FN:69,(anonymous_3)
FN:76,(anonymous_4)
FN:81,(anonymous_5)
FN:83,(anonymous_6)
FN:87,(anonymous_7)
FN:88,(anonymous_8)
FN:91,(anonymous_9)
FN:101,(anonymous_10)
FN:106,(anonymous_11)
FN:127,(anonymous_12)
FN:129,(anonymous_13)
FN:130,(anonymous_14)
FN:140,(anonymous_15)
FN:142,(anonymous_16)
FN:143,(anonymous_17)
FN:170,(anonymous_18)
FN:171,(anonymous_19)
FN:174,(anonymous_20)
FN:205,(anonymous_21)
FN:206,(anonymous_22)
FN:218,(anonymous_23)
FN:219,(anonymous_24)
FN:228,(anonymous_25)
FNF:26
FNH:0
FNDA:0,(anonymous_0)
FNDA:0,(anonymous_1)
FNDA:0,(anonymous_2)
FNDA:0,(anonymous_3)
FNDA:0,(anonymous_4)
FNDA:0,(anonymous_5)
FNDA:0,(anonymous_6)
FNDA:0,(anonymous_7)
FNDA:0,(anonymous_8)
FNDA:0,(anonymous_9)
FNDA:0,(anonymous_10)
FNDA:0,(anonymous_11)
FNDA:0,(anonymous_12)
FNDA:0,(anonymous_13)
FNDA:0,(anonymous_14)
FNDA:0,(anonymous_15)
FNDA:0,(anonymous_16)
FNDA:0,(anonymous_17)
FNDA:0,(anonymous_18)
FNDA:0,(anonymous_19)
FNDA:0,(anonymous_20)
FNDA:0,(anonymous_21)
FNDA:0,(anonymous_22)
FNDA:0,(anonymous_23)
FNDA:0,(anonymous_24)
FNDA:0,(anonymous_25)
DA:50,0
DA:51,0
DA:52,0
DA:53,0
DA:54,0
DA:55,0
DA:57,0
DA:58,0
DA:59,0
DA:60,0
DA:61,0
DA:63,0
DA:64,0
DA:65,0
DA:69,0
DA:70,0
DA:77,0
DA:81,0
DA:83,0
DA:84,0
DA:87,0
DA:88,0
DA:91,0
DA:92,0
DA:93,0
DA:96,0
DA:97,0
DA:101,0
DA:102,0
DA:106,0
DA:107,0
DA:108,0
DA:110,0
DA:111,0
DA:113,0
DA:118,0
DA:120,0
DA:127,0
DA:128,0
DA:129,0
DA:131,0
DA:140,0
DA:141,0
DA:142,0
DA:144,0
DA:152,0
DA:170,0
DA:172,0
DA:174,0
DA:206,0
DA:219,0
DA:228,0
LF:52
LH:0
BRDA:92,0,0,0
BRDA:92,0,1,0
BRDA:96,1,0,0
BRDA:96,1,1,0
BRDA:189,2,0,0
BRDA:189,2,1,0
BRF:6
BRH:0
end_of_record
TN:
SF:/Users/mr/Documents/Projects/gostack-project/go-barber-mobile/src/pages/Dashboard/index.tsx
FN:30,(anonymous_0)
FN:35,(anonymous_1)
FN:36,(anonymous_2)
FN:42,(anonymous_3)
FN:46,(anonymous_4)
FN:65,(anonymous_5)
FN:69,(anonymous_6)
FN:70,(anonymous_7)
FNF:8
FNH:0
FNDA:0,(anonymous_0)
FNDA:0,(anonymous_1)
FNDA:0,(anonymous_2)
FNDA:0,(anonymous_3)
FNDA:0,(anonymous_4)
FNDA:0,(anonymous_5)
FNDA:0,(anonymous_6)
FNDA:0,(anonymous_7)
DA:30,0
DA:31,0
DA:32,0
DA:33,0
DA:35,0
DA:36,0
DA:37,0
DA:42,0
DA:43,0
DA:46,0
DA:47,0
DA:50,0
DA:65,0
DA:70,0
LF:14
LH:0
BRF:0
BRH:0
end_of_record
TN:
SF:/Users/mr/Documents/Projects/gostack-project/go-barber-mobile/src/pages/Profile/index.tsx
FN:36,(anonymous_0)
FN:46,(anonymous_1)
FN:56,(anonymous_2)
FN:64,(anonymous_3)
FN:115,(anonymous_4)
FN:121,(anonymous_5)
FN:138,(anonymous_6)
FN:144,(anonymous_7)
FN:180,(anonymous_8)
FN:193,(anonymous_9)
FN:206,(anonymous_10)
FN:219,(anonymous_11)
FN:231,(anonymous_12)
FN:233,(anonymous_13)
FNF:14
FNH:0
FNDA:0,(anonymous_0)
FNDA:0,(anonymous_1)
FNDA:0,(anonymous_2)
FNDA:0,(anonymous_3)
FNDA:0,(anonymous_4)
FNDA:0,(anonymous_5)
FNDA:0,(anonymous_6)
FNDA:0,(anonymous_7)
FNDA:0,(anonymous_8)
FNDA:0,(anonymous_9)
FNDA:0,(anonymous_10)
FNDA:0,(anonymous_11)
FNDA:0,(anonymous_12)
FNDA:0,(anonymous_13)
DA:36,0
DA:37,0
DA:38,0
DA:39,0
DA:40,0
DA:41,0
DA:42,0
DA:43,0
DA:46,0
DA:47,0
DA:48,0
DA:49,0
DA:56,0
DA:64,0
DA:73,0
DA:83,0
DA:85,0
DA:97,0
DA:99,0
DA:101,0
DA:103,0
DA:105,0
DA:106,0
DA:107,0
DA:109,0
DA:111,0
DA:115,0
DA:116,0
DA:122,0
DA:123,0
DA:126,0
DA:127,0
DA:130,0
DA:132,0
DA:138,0
DA:139,0
DA:144,0
DA:145,0
DA:148,0
DA:181,0
DA:194,0
DA:207,0
DA:220,0
DA:231,0
DA:233,0
LF:45
LH:0
BRDA:88,0,0,0
BRDA:88,0,1,0
BRDA:105,1,0,0
BRDA:105,1,1,0
BRDA:122,2,0,0
BRDA:122,2,1,0
BRDA:126,3,0,0
BRDA:126,3,1,0
BRDA:152,4,0,0
BRDA:152,4,1,0
BRF:10
BRH:0
end_of_record
TN:
SF:/Users/mr/Documents/Projects/gostack-project/go-barber-mobile/src/pages/SignIn/index.tsx
FN:25,(anonymous_0)
FN:32,(anonymous_1)
FN:91,(anonymous_2)
FN:102,(anonymous_3)
FN:104,(anonymous_4)
FN:107,(anonymous_5)
FN:114,(anonymous_6)
FNF:7
FNH:1
FNDA:1,(anonymous_0)
FNDA:0,(anonymous_1)
FNDA:0,(anonymous_2)
FNDA:0,(anonymous_3)
FNDA:0,(anonymous_4)
FNDA:0,(anonymous_5)
FNDA:0,(anonymous_6)
DA:25,1
DA:26,1
DA:27,1
DA:28,1
DA:30,1
DA:32,1
DA:33,0
DA:34,0
DA:35,0
DA:43,0
DA:47,0
DA:53,0
DA:54,0
DA:55,0
DA:57,0
DA:60,0
DA:63,1
DA:92,0
DA:102,0
DA:104,0
DA:107,0
DA:114,0
LF:22
LH:7
BRDA:53,0,0,0
BRDA:53,0,1,0
BRDA:67,1,0,1
BRDA:67,1,1,0
BRF:4
BRH:1
end_of_record
TN:
SF:/Users/mr/Documents/Projects/gostack-project/go-barber-mobile/src/pages/SignUp/index.tsx
FN:27,(anonymous_0)
FN:34,(anonymous_1)
FN:91,(anonymous_2)
FN:104,(anonymous_3)
FN:116,(anonymous_4)
FN:118,(anonymous_5)
FN:125,(anonymous_6)
FNF:7
FNH:0
FNDA:0,(anonymous_0)
FNDA:0,(anonymous_1)
FNDA:0,(anonymous_2)
FNDA:0,(anonymous_3)
FNDA:0,(anonymous_4)
FNDA:0,(anonymous_5)
FNDA:0,(anonymous_6)
DA:27,0
DA:28,0
DA:29,0
DA:30,0
DA:31,0
DA:34,0
DA:35,0
DA:36,0
DA:37,0
DA:46,0
DA:50,0
DA:52,0
DA:54,0
DA:56,0
DA:57,0
DA:58,0
DA:60,0
DA:62,0
DA:65,0
DA:92,0
DA:105,0
DA:116,0
DA:118,0
DA:125,0
LF:24
LH:0
BRDA:56,0,0,0
BRDA:56,0,1,0
BRDA:69,1,0,0
BRDA:69,1,1,0
BRF:4
BRH:0
end_of_record
